0 info it worked if it ends with ok
1 verbose cli [ '/Users/parris/.nvm/v0.10.23/bin/node',
1 verbose cli   '/Users/parris/.nvm/v0.10.23/bin/npm',
1 verbose cli   'publish' ]
2 info using npm@1.3.17
3 info using node@v0.10.23
4 verbose publish [ '.' ]
5 verbose cache add [ '.', null ]
6 verbose cache add name=undefined spec="." args=[".",null]
7 verbose parsed url { protocol: null,
7 verbose parsed url   slashes: null,
7 verbose parsed url   auth: null,
7 verbose parsed url   host: null,
7 verbose parsed url   port: null,
7 verbose parsed url   hostname: null,
7 verbose parsed url   hash: null,
7 verbose parsed url   search: null,
7 verbose parsed url   query: null,
7 verbose parsed url   pathname: '.',
7 verbose parsed url   path: '.',
7 verbose parsed url   href: '.' }
8 silly lockFile 3a52ce78- .
9 verbose lock . /Users/parris/.npm/3a52ce78-.lock
10 verbose tar pack [ '/var/folders/z8/c1_b47dx6s1f_t8j_mdxxbjm0000gp/T/npm-68486-Z14kfAb3/1389261022651-0.7871017027646303/tmp.tgz',
10 verbose tar pack   '.' ]
11 verbose tarball /var/folders/z8/c1_b47dx6s1f_t8j_mdxxbjm0000gp/T/npm-68486-Z14kfAb3/1389261022651-0.7871017027646303/tmp.tgz
12 verbose folder .
13 info prepublish eb-npm-registry@0.0.0
14 silly lockFile 1f1177db-tar tar://.
15 verbose lock tar://. /Users/parris/.npm/1f1177db-tar.lock
16 silly lockFile f0551d81-22651-0-7871017027646303-tmp-tgz tar:///var/folders/z8/c1_b47dx6s1f_t8j_mdxxbjm0000gp/T/npm-68486-Z14kfAb3/1389261022651-0.7871017027646303/tmp.tgz
17 verbose lock tar:///var/folders/z8/c1_b47dx6s1f_t8j_mdxxbjm0000gp/T/npm-68486-Z14kfAb3/1389261022651-0.7871017027646303/tmp.tgz /Users/parris/.npm/f0551d81-22651-0-7871017027646303-tmp-tgz.lock
18 silly lockFile 1f1177db-tar tar://.
19 silly lockFile 1f1177db-tar tar://.
20 silly lockFile f0551d81-22651-0-7871017027646303-tmp-tgz tar:///var/folders/z8/c1_b47dx6s1f_t8j_mdxxbjm0000gp/T/npm-68486-Z14kfAb3/1389261022651-0.7871017027646303/tmp.tgz
21 silly lockFile f0551d81-22651-0-7871017027646303-tmp-tgz tar:///var/folders/z8/c1_b47dx6s1f_t8j_mdxxbjm0000gp/T/npm-68486-Z14kfAb3/1389261022651-0.7871017027646303/tmp.tgz
22 verbose tar unpack /var/folders/z8/c1_b47dx6s1f_t8j_mdxxbjm0000gp/T/npm-68486-Z14kfAb3/1389261022651-0.7871017027646303/tmp.tgz
23 silly lockFile 6e978fc2-22651-0-7871017027646303-package tar:///var/folders/z8/c1_b47dx6s1f_t8j_mdxxbjm0000gp/T/npm-68486-Z14kfAb3/1389261022651-0.7871017027646303/package
24 verbose lock tar:///var/folders/z8/c1_b47dx6s1f_t8j_mdxxbjm0000gp/T/npm-68486-Z14kfAb3/1389261022651-0.7871017027646303/package /Users/parris/.npm/6e978fc2-22651-0-7871017027646303-package.lock
25 silly lockFile f0551d81-22651-0-7871017027646303-tmp-tgz tar:///var/folders/z8/c1_b47dx6s1f_t8j_mdxxbjm0000gp/T/npm-68486-Z14kfAb3/1389261022651-0.7871017027646303/tmp.tgz
26 verbose lock tar:///var/folders/z8/c1_b47dx6s1f_t8j_mdxxbjm0000gp/T/npm-68486-Z14kfAb3/1389261022651-0.7871017027646303/tmp.tgz /Users/parris/.npm/f0551d81-22651-0-7871017027646303-tmp-tgz.lock
27 silly gunzTarPerm modes [ '755', '644' ]
28 silly gunzTarPerm extractEntry package.json
29 silly gunzTarPerm extractEntry .npmignore
30 silly gunzTarPerm extractEntry README.md
31 silly gunzTarPerm extractEntry config.json
32 silly gunzTarPerm extractEntry example.npmrc
33 silly lockFile 6e978fc2-22651-0-7871017027646303-package tar:///var/folders/z8/c1_b47dx6s1f_t8j_mdxxbjm0000gp/T/npm-68486-Z14kfAb3/1389261022651-0.7871017027646303/package
34 silly lockFile 6e978fc2-22651-0-7871017027646303-package tar:///var/folders/z8/c1_b47dx6s1f_t8j_mdxxbjm0000gp/T/npm-68486-Z14kfAb3/1389261022651-0.7871017027646303/package
35 silly lockFile f0551d81-22651-0-7871017027646303-tmp-tgz tar:///var/folders/z8/c1_b47dx6s1f_t8j_mdxxbjm0000gp/T/npm-68486-Z14kfAb3/1389261022651-0.7871017027646303/tmp.tgz
36 silly lockFile f0551d81-22651-0-7871017027646303-tmp-tgz tar:///var/folders/z8/c1_b47dx6s1f_t8j_mdxxbjm0000gp/T/npm-68486-Z14kfAb3/1389261022651-0.7871017027646303/tmp.tgz
37 verbose tar pack [ '/Users/parris/.npm/eb-npm-registry/0.0.0/package.tgz',
37 verbose tar pack   '/var/folders/z8/c1_b47dx6s1f_t8j_mdxxbjm0000gp/T/npm-68486-Z14kfAb3/1389261022651-0.7871017027646303/package' ]
38 verbose tarball /Users/parris/.npm/eb-npm-registry/0.0.0/package.tgz
39 verbose folder /var/folders/z8/c1_b47dx6s1f_t8j_mdxxbjm0000gp/T/npm-68486-Z14kfAb3/1389261022651-0.7871017027646303/package
40 silly lockFile 6e978fc2-22651-0-7871017027646303-package tar:///var/folders/z8/c1_b47dx6s1f_t8j_mdxxbjm0000gp/T/npm-68486-Z14kfAb3/1389261022651-0.7871017027646303/package
41 verbose lock tar:///var/folders/z8/c1_b47dx6s1f_t8j_mdxxbjm0000gp/T/npm-68486-Z14kfAb3/1389261022651-0.7871017027646303/package /Users/parris/.npm/6e978fc2-22651-0-7871017027646303-package.lock
42 silly lockFile 8bf0b2e2-b-npm-registry-0-0-0-package-tgz tar:///Users/parris/.npm/eb-npm-registry/0.0.0/package.tgz
43 verbose lock tar:///Users/parris/.npm/eb-npm-registry/0.0.0/package.tgz /Users/parris/.npm/8bf0b2e2-b-npm-registry-0-0-0-package-tgz.lock
44 silly lockFile 6e978fc2-22651-0-7871017027646303-package tar:///var/folders/z8/c1_b47dx6s1f_t8j_mdxxbjm0000gp/T/npm-68486-Z14kfAb3/1389261022651-0.7871017027646303/package
45 silly lockFile 6e978fc2-22651-0-7871017027646303-package tar:///var/folders/z8/c1_b47dx6s1f_t8j_mdxxbjm0000gp/T/npm-68486-Z14kfAb3/1389261022651-0.7871017027646303/package
46 silly lockFile 8bf0b2e2-b-npm-registry-0-0-0-package-tgz tar:///Users/parris/.npm/eb-npm-registry/0.0.0/package.tgz
47 silly lockFile 8bf0b2e2-b-npm-registry-0-0-0-package-tgz tar:///Users/parris/.npm/eb-npm-registry/0.0.0/package.tgz
48 silly lockFile d722d084-pm-eb-npm-registry-0-0-0-package /Users/parris/.npm/eb-npm-registry/0.0.0/package
49 verbose lock /Users/parris/.npm/eb-npm-registry/0.0.0/package /Users/parris/.npm/d722d084-pm-eb-npm-registry-0-0-0-package.lock
50 silly lockFile d722d084-pm-eb-npm-registry-0-0-0-package /Users/parris/.npm/eb-npm-registry/0.0.0/package
51 silly lockFile d722d084-pm-eb-npm-registry-0-0-0-package /Users/parris/.npm/eb-npm-registry/0.0.0/package
52 verbose tar unpack /Users/parris/.npm/eb-npm-registry/0.0.0/package.tgz
53 silly lockFile 9f645880-pm-eb-npm-registry-0-0-0-package tar:///Users/parris/.npm/eb-npm-registry/0.0.0/package
54 verbose lock tar:///Users/parris/.npm/eb-npm-registry/0.0.0/package /Users/parris/.npm/9f645880-pm-eb-npm-registry-0-0-0-package.lock
55 silly lockFile 8bf0b2e2-b-npm-registry-0-0-0-package-tgz tar:///Users/parris/.npm/eb-npm-registry/0.0.0/package.tgz
56 verbose lock tar:///Users/parris/.npm/eb-npm-registry/0.0.0/package.tgz /Users/parris/.npm/8bf0b2e2-b-npm-registry-0-0-0-package-tgz.lock
57 silly gunzTarPerm modes [ '755', '644' ]
58 silly gunzTarPerm extractEntry package.json
59 silly gunzTarPerm extractEntry .npmignore
60 silly gunzTarPerm extractEntry README.md
61 silly gunzTarPerm extractEntry config.json
62 silly gunzTarPerm extractEntry example.npmrc
63 silly lockFile 9f645880-pm-eb-npm-registry-0-0-0-package tar:///Users/parris/.npm/eb-npm-registry/0.0.0/package
64 silly lockFile 9f645880-pm-eb-npm-registry-0-0-0-package tar:///Users/parris/.npm/eb-npm-registry/0.0.0/package
65 silly lockFile 8bf0b2e2-b-npm-registry-0-0-0-package-tgz tar:///Users/parris/.npm/eb-npm-registry/0.0.0/package.tgz
66 silly lockFile 8bf0b2e2-b-npm-registry-0-0-0-package-tgz tar:///Users/parris/.npm/eb-npm-registry/0.0.0/package.tgz
67 verbose chmod /Users/parris/.npm/eb-npm-registry/0.0.0/package.tgz 644
68 verbose chown /Users/parris/.npm/eb-npm-registry/0.0.0/package.tgz [ 502, 20 ]
69 silly lockFile 3a52ce78- .
70 silly lockFile 3a52ce78- .
71 silly publish { name: 'eb-npm-registry',
71 silly publish   version: '0.0.0',
71 silly publish   description: 'Eventbrite\'s NPM Registry Solution ----',
71 silly publish   main: 'index.js',
71 silly publish   scripts: { start: './node_modules/.bin/hapi -c config.json' },
71 silly publish   author: '',
71 silly publish   license: 'MIT',
71 silly publish   dependencies: { hapi: '~1.20.0', kappa: '~0.12.0' },
71 silly publish   readme: 'Eventbrite\'s NPM Registry Solution\n----\n\nWhat we want:\n- A private NPM registry\n- A proxy cache for the default npm registry\n- Both of those things to work without anyone knowing anything\n\nSolution:\n- Use Kappa to proxy\n- Hit the private couchdb instance\n- Proxy the default npm registry through nginx\n\nQuickstart:\n----\n\nCouchDB Setup:\n--\n\nShould work out of the box without any customization\n\n- `brew install couchdb`\n- `couchdb`\n- `curl -X PUT http://localhost:5984/registry`\n\nNginx Setup:\n----\n\nThis is what worked for me. Largely influenced by: http://eng.yammer.com/a-private-npm-cache/\n\n- Get homebrew\n- `brew tap marcqualie/nginx && brew install nginx-full` (this gives you all needed modules)\n- sudo mkdir -p /var/cache/npm/data\n\n1. Create a cache zone\n\n/usr/local/etc/nginx/conf.d/npm.conf\n\n    # this is the npm zone, things stay active for 3 days\n    proxy_cache_path /var/cache/npm/data levels=1:2 keys_zone=npm:20m max_size=1000m inactive=3d;\n    proxy_temp_path /var/cache/npm/tmp;\n\n2. Add a site config\n\n/usr/local/etc/nginx/sites-enabled/npm.conf\n\n    server {\n       listen 12345;\n       server_name localhost;\n       location / {\n         proxy_pass https://registry.npmjs.org/;\n         proxy_cache npm;\n         proxy_cache_valid 200 302 3d;\n         proxy_cache_valid 404 1m;\n       }\n     }\n\n3. Include the files you just added to nginx.conf\n\n/usr/local/etc/nginx/nginx.conf\n\n    # ...\n    http {\n        include conf.d/*.conf;\n        include sites-enabled/*.conf;\n        # ...\n\n4. Restart nginx, `sudo nginx -s reload`, or just `sudo nginx`\n5. Visit http://localhost:12345/npm to confirm the proxy works\n6. Turn off wifi and visit that same URL!\n\nKappa Setup\n----\n\n- Edit config.json. At the very least you should replace\n  `http://localhost:12345` with your registries host name\n- Run `npm start` in this repo\n\nNPM Setup on client machines\n----\n\n- `npm config set registry http://localhost:1337/`\n- Try installing something\n\nThis adds `registry = http://localhost:1337` to your .npmrc file in your home directory.\n\nAfter all that you should not only be able to `npm publish`, which actually only publishes to your private registry, but you should also be able to install packages from the normal npm registry. If the repo already exists in the nginx cache you won\'t even make a request npm headquarters.\n',
71 silly publish   readmeFilename: 'README.md',
71 silly publish   _id: 'eb-npm-registry@0.0.0',
71 silly publish   dist: { shasum: '2b8ab1e5040308db7685f48d95dbc13ddac42105' },
71 silly publish   _from: '.' }
72 verbose url raw eb-npm-registry
73 verbose url resolving [ 'http://localhost:1337/', './eb-npm-registry' ]
74 verbose url resolved http://localhost:1337/eb-npm-registry
75 error publish Failed PUT response undefined
76 error Error: login error
76 error     at RegClient.<anonymous> (/Users/parris/.nvm/v0.10.23/lib/node_modules/npm/node_modules/npm-registry-client/lib/request.js:82:22)
76 error     at CouchLogin.<anonymous> (/Users/parris/.nvm/v0.10.23/lib/node_modules/npm/node_modules/npm-registry-client/node_modules/couch-login/couch-login.js:191:14)
76 error     at CouchLogin.<anonymous> (/Users/parris/.nvm/v0.10.23/lib/node_modules/npm/node_modules/npm-registry-client/node_modules/couch-login/couch-login.js:173:46)
76 error     at Request.self.callback (/Users/parris/.nvm/v0.10.23/lib/node_modules/npm/node_modules/request/request.js:123:22)
76 error     at Request.EventEmitter.emit (events.js:98:17)
76 error     at Request.<anonymous> (/Users/parris/.nvm/v0.10.23/lib/node_modules/npm/node_modules/request/request.js:877:14)
76 error     at Request.EventEmitter.emit (events.js:117:20)
76 error     at IncomingMessage.<anonymous> (/Users/parris/.nvm/v0.10.23/lib/node_modules/npm/node_modules/request/request.js:828:12)
76 error     at IncomingMessage.EventEmitter.emit (events.js:117:20)
76 error     at _stream_readable.js:920:16
77 error If you need help, you may report this *entire* log,
77 error including the npm and node versions, at:
77 error     <http://github.com/isaacs/npm/issues>
78 error System Darwin 12.5.0
79 error command "/Users/parris/.nvm/v0.10.23/bin/node" "/Users/parris/.nvm/v0.10.23/bin/npm" "publish"
80 error cwd /Volumes/eb_home/work/eb-npm-registry
81 error node -v v0.10.23
82 error npm -v 1.3.17
83 verbose exit [ 1, true ]
